[debug] [2021-08-07T09:25:36.293Z] ----------------------------------------------------------------------
[debug] [2021-08-07T09:25:36.300Z] Command:       C:\Program Files\nodejs\node.exe C:\Users\a.kathireshan\AppData\Roaming\npm\node_modules\firebase-tools\lib\bin\firebase.js init hosting:github
[debug] [2021-08-07T09:25:36.301Z] CLI Version:   9.16.0
[debug] [2021-08-07T09:25:36.302Z] Platform:      win32
[debug] [2021-08-07T09:25:36.302Z] Node Version:  v14.15.1
[debug] [2021-08-07T09:25:36.305Z] Time:          Sat Aug 07 2021 14:55:36 GMT+0530 (India Standard Time)
[debug] [2021-08-07T09:25:36.306Z] ----------------------------------------------------------------------
[debug] 
[debug] [2021-08-07T09:25:36.602Z] > command requires scopes: ["email","openid","https://www.googleapis.com/auth/cloudplatformprojects.readonly","https://www.googleapis.com/auth/firebase","https://www.googleapis.com/auth/cloud-platform"]
[debug] [2021-08-07T09:25:36.602Z] > authorizing via signed-in user (muthuraman2k01@gmail.com)
[info] 
     ######## #### ########  ######## ########     ###     ######  ########
     ##        ##  ##     ## ##       ##     ##  ##   ##  ##       ##
     ######    ##  ########  ######   ########  #########  ######  ######
     ##        ##  ##    ##  ##       ##     ## ##     ##       ## ##
     ##       #### ##     ## ######## ########  ##     ##  ######  ########

You're about to initialize a Firebase project in this directory:

  C:\angular\AlbumStoreClone\album-store

Before we get started, keep in mind:

  * You are currently outside your home directory
  * You are initializing within an existing Firebase project directory

[info] 
=== Project Setup
[info] 
[info] First, let's associate this project directory with a Firebase project.
[info] You can create multiple project aliases by running firebase use --add, 
[info] but for now we'll just set up a default project.
[info] 
[info] i  .firebaserc already has a default project, using album-store-a05be. 
[debug] [2021-08-07T09:25:55.865Z] > refreshing access token with scopes: []
[debug] [2021-08-07T09:25:55.866Z] >>> HTTP REQUEST POST https://www.googleapis.com/oauth2/v3/token  
 <request body omitted>
[debug] [2021-08-07T09:25:56.159Z] <<< HTTP RESPONSE 200 {"cache-control":"no-cache, no-store, max-age=0, must-revalidate","expires":"Mon, 01 Jan 1990 00:00:00 GMT","pragma":"no-cache","date":"Sat, 07 Aug 2021 09:25:55 GMT","content-type":"application/json; charset=utf-8","vary":"X-Origin, Referer, Origin,Accept-Encoding","server":"scaffolding on HTTPServer2","x-xss-protection":"0","x-frame-options":"SAMEORIGIN","x-content-type-options":"nosniff","alt-svc":"h3=\":443\"; ma=2592000,h3-29=\":443\"; ma=2592000,h3-T051=\":443\"; ma=2592000,h3-Q050=\":443\"; ma=2592000,h3-Q046=\":443\"; ma=2592000,h3-Q043=\":443\"; ma=2592000,quic=\":443\"; ma=2592000; v=\"46,43\"","accept-ranges":"none","transfer-encoding":"chunked"}
[debug] [2021-08-07T09:25:56.200Z] >>> [apiv2][query] GET https://firebase.googleapis.com/v1beta1/projects/album-store-a05be [none]
[debug] [2021-08-07T09:25:57.277Z] <<< [apiv2][status] GET https://firebase.googleapis.com/v1beta1/projects/album-store-a05be 200
[debug] [2021-08-07T09:25:57.277Z] <<< [apiv2][body] GET https://firebase.googleapis.com/v1beta1/projects/album-store-a05be {"projectId":"album-store-a05be","projectNumber":"299110497588","displayName":"Album Store","name":"projects/album-store-a05be","resources":{"hostingSite":"album-store-a05be"},"state":"ACTIVE"}
[info] 
=== Hosting:github Setup
[info] 
[info] i  Detected a .git folder at C:\angular\AlbumStoreClone 
[info] i  Authorizing with GitHub to upload your service account to a GitHub repository's secrets store. 
[info] 
[info] Visit this URL on this device to log in:
[info] https://github.com/login/oauth/authorize?client_id=89cf50f02ac6aaed3484&state=528271946&redirect_uri=http%3A%2F%2Flocalhost%3A9005&scope=read%3Auser%20repo%20public_repo
[info] 
[info] Waiting for authentication...
[debug] [2021-08-07T09:25:59.305Z] >>> HTTP REQUEST POST https://github.com/login/oauth/access_token  
 {"client_id":"89cf50f02ac6aaed3484","client_secret":"3330d14abc895d9a74d5f17cd7a00711fa2c5bf0","code":"a7845dd96a339c918c66","redirect_uri":"http://localhost:9005","state":"528271946"}
[debug] [2021-08-07T09:26:00.289Z] <<< HTTP RESPONSE 200 {"server":"GitHub.com","date":"Sat, 07 Aug 2021 09:25:59 GMT","content-type":"application/json; charset=utf-8","transfer-encoding":"chunked","vary":"X-PJAX, Accept-Encoding, Accept, X-Requested-With","permissions-policy":"interest-cohort=()","etag":"W/\"0442cec49e16f9c69bfab0244691eb06\"","cache-control":"max-age=0, private, must-revalidate","strict-transport-security":"max-age=31536000; includeSubdomains; preload","x-frame-options":"deny","x-content-type-options":"nosniff","x-xss-protection":"0","referrer-policy":"origin-when-cross-origin, strict-origin-when-cross-origin","expect-ct":"max-age=2592000, report-uri=\"https://api.github.com/_private/browser/errors\"","content-security-policy":"default-src 'none'; base-uri 'self'; block-all-mixed-content; connect-src 'self' uploads.github.com www.githubstatus.com collector.githubapp.com api.github.com github-cloud.s3.amazonaws.com github-production-repository-file-5c1aeb.s3.amazonaws.com github-production-upload-manifest-file-7fdce7.s3.amazonaws.com github-production-user-asset-6210df.s3.amazonaws.com cdn.optimizely.com logx.optimizely.com/v1/events translator.github.com wss://alive.github.com; font-src github.githubassets.com; form-action 'self' github.com gist.github.com; frame-ancestors 'none'; frame-src render.githubusercontent.com render-temp.githubusercontent.com viewscreen.githubusercontent.com; img-src 'self' data: github.githubassets.com identicons.github.com collector.githubapp.com github-cloud.s3.amazonaws.com secured-user-images.githubusercontent.com/ *.githubusercontent.com; manifest-src 'self'; media-src 'none'; script-src github.githubassets.com; style-src 'unsafe-inline' github.githubassets.com; worker-src github.com/socket-worker-3f088aa2.js gist.github.com/socket-worker-3f088aa2.js","x-github-request-id":"C96A:60BE:C92D4E:E07AB9:610E51A7"}
[debug] [2021-08-07T09:26:00.299Z] >>> [apiv2][query] GET https://api.github.com/user [none]
[debug] [2021-08-07T09:26:01.702Z] <<< [apiv2][status] GET https://api.github.com/user 200
[debug] [2021-08-07T09:26:01.703Z] <<< [apiv2][body] GET https://api.github.com/user {"login":"Annamalaikathireshan","id":41647970,"node_id":"MDQ6VXNlcjQxNjQ3OTcw","avatar_url":"https://avatars.githubusercontent.com/u/41647970?v=4","gravatar_id":"","url":"https://api.github.com/users/Annamalaikathireshan","html_url":"https://github.com/Annamalaikathireshan","followers_url":"https://api.github.com/users/Annamalaikathireshan/followers","following_url":"https://api.github.com/users/Annamalaikathireshan/following{/other_user}","gists_url":"https://api.github.com/users/Annamalaikathireshan/gists{/gist_id}","starred_url":"https://api.github.com/users/Annamalaikathireshan/starred{/owner}{/repo}","subscriptions_url":"https://api.github.com/users/Annamalaikathireshan/subscriptions","organizations_url":"https://api.github.com/users/Annamalaikathireshan/orgs","repos_url":"https://api.github.com/users/Annamalaikathireshan/repos","events_url":"https://api.github.com/users/Annamalaikathireshan/events{/privacy}","received_events_url":"https://api.github.com/users/Annamalaikathireshan/received_events","type":"User","site_admin":false,"name":null,"company":null,"blog":"","location":null,"email":null,"hireable":null,"bio":null,"twitter_username":null,"public_repos":4,"public_gists":0,"followers":0,"following":0,"created_at":"2018-07-24T18:48:02Z","updated_at":"2021-08-07T08:05:46Z","private_gists":0,"total_private_repos":1,"owned_private_repos":1,"disk_usage":550,"collaborators":0,"two_factor_authentication":false,"plan":{"name":"free","space":976562499,"collaborators":0,"private_repos":10000}}
[info] 
[info] +  Success! Logged into GitHub as Annamalaikathireshan 
[info] 
